<?xml version="1.0" encoding="UTF-8"?>
<testng-results skipped="0" failed="0" total="1" passed="1">
  <reporter-output>
  </reporter-output>
  <suite name="Default suite" duration-ms="694" started-at="2014-07-14T03:59:28Z" finished-at="2014-07-14T03:59:29Z">
    <groups>
    </groups>
    <test name="Default test" duration-ms="694" started-at="2014-07-14T03:59:28Z" finished-at="2014-07-14T03:59:29Z">
      <class name="com.senthur.convert.MP3ConvertorTestCase">
        <test-method status="PASS" signature="setup()[pri:0, instance:com.senthur.convert.MP3ConvertorTestCase@58ba93d1]" name="setup" is-config="true" duration-ms="600" started-at="2014-07-14T13:59:28Z" finished-at="2014-07-14T13:59:29Z">
          <reporter-output>
          </reporter-output>
        </test-method> <!-- setup -->
        <test-method status="PASS" signature="wavFileShouldBeConvertedToMP3()[pri:0, instance:com.senthur.convert.MP3ConvertorTestCase@58ba93d1]" name="wavFileShouldBeConvertedToMP3" duration-ms="83" started-at="2014-07-14T13:59:29Z" finished-at="2014-07-14T13:59:29Z">
          <reporter-output>
          </reporter-output>
        </test-method> <!-- wavFileShouldBeConvertedToMP3 -->
      </class> <!-- com.senthur.convert.MP3ConvertorTestCase -->
    </test> <!-- Default test -->
  </suite> <!-- Default suite -->
</testng-results>
